mode: set
github.com/chenemiken/goland/bookings/internal/handlers/handlers.go:28.63,33.2 1 0
github.com/chenemiken/goland/bookings/internal/handlers/handlers.go:35.51,40.2 1 1
github.com/chenemiken/goland/bookings/internal/handlers/handlers.go:42.33,44.2 1 1
github.com/chenemiken/goland/bookings/internal/handlers/handlers.go:46.67,48.2 1 1
github.com/chenemiken/goland/bookings/internal/handlers/handlers.go:50.68,52.2 1 1
github.com/chenemiken/goland/bookings/internal/handlers/handlers.go:54.74,56.9 2 1
github.com/chenemiken/goland/bookings/internal/handlers/handlers.go:61.2,64.16 3 1
github.com/chenemiken/goland/bookings/internal/handlers/handlers.go:69.2,84.4 9 1
github.com/chenemiken/goland/bookings/internal/handlers/handlers.go:56.9,60.3 3 1
github.com/chenemiken/goland/bookings/internal/handlers/handlers.go:64.16,68.3 3 1
github.com/chenemiken/goland/bookings/internal/handlers/handlers.go:87.78,90.16 3 0
github.com/chenemiken/goland/bookings/internal/handlers/handlers.go:95.2,113.19 14 0
github.com/chenemiken/goland/bookings/internal/handlers/handlers.go:124.2,125.16 2 0
github.com/chenemiken/goland/bookings/internal/handlers/handlers.go:129.2,138.16 3 0
github.com/chenemiken/goland/bookings/internal/handlers/handlers.go:143.2,145.65 2 0
github.com/chenemiken/goland/bookings/internal/handlers/handlers.go:90.16,93.3 2 0
github.com/chenemiken/goland/bookings/internal/handlers/handlers.go:113.19,122.3 4 0
github.com/chenemiken/goland/bookings/internal/handlers/handlers.go:125.16,128.3 2 0
github.com/chenemiken/goland/bookings/internal/handlers/handlers.go:138.16,141.3 2 0
github.com/chenemiken/goland/bookings/internal/handlers/handlers.go:148.71,150.2 1 1
github.com/chenemiken/goland/bookings/internal/handlers/handlers.go:152.69,154.2 1 1
github.com/chenemiken/goland/bookings/internal/handlers/handlers.go:156.75,158.2 1 1
github.com/chenemiken/goland/bookings/internal/handlers/handlers.go:159.79,165.16 5 0
github.com/chenemiken/goland/bookings/internal/handlers/handlers.go:169.2,170.16 2 0
github.com/chenemiken/goland/bookings/internal/handlers/handlers.go:175.2,176.16 2 0
github.com/chenemiken/goland/bookings/internal/handlers/handlers.go:181.2,181.20 1 0
github.com/chenemiken/goland/bookings/internal/handlers/handlers.go:185.2,196.4 5 0
github.com/chenemiken/goland/bookings/internal/handlers/handlers.go:165.16,168.3 2 0
github.com/chenemiken/goland/bookings/internal/handlers/handlers.go:170.16,173.3 2 0
github.com/chenemiken/goland/bookings/internal/handlers/handlers.go:176.16,179.3 2 0
github.com/chenemiken/goland/bookings/internal/handlers/handlers.go:181.20,184.3 2 0
github.com/chenemiken/goland/bookings/internal/handlers/handlers.go:208.83,224.16 9 0
github.com/chenemiken/goland/bookings/internal/handlers/handlers.go:228.2,229.14 2 0
github.com/chenemiken/goland/bookings/internal/handlers/handlers.go:224.16,227.3 2 0
github.com/chenemiken/goland/bookings/internal/handlers/handlers.go:232.70,234.2 1 0
github.com/chenemiken/goland/bookings/internal/handlers/handlers.go:236.81,238.9 2 1
github.com/chenemiken/goland/bookings/internal/handlers/handlers.go:245.2,258.4 8 0
github.com/chenemiken/goland/bookings/internal/handlers/handlers.go:238.9,243.3 4 1
github.com/chenemiken/goland/bookings/internal/handlers/handlers.go:261.73,263.16 2 0
github.com/chenemiken/goland/bookings/internal/handlers/handlers.go:268.2,269.9 2 0
github.com/chenemiken/goland/bookings/internal/handlers/handlers.go:273.2,276.63 3 0
github.com/chenemiken/goland/bookings/internal/handlers/handlers.go:263.16,266.3 2 0
github.com/chenemiken/goland/bookings/internal/handlers/handlers.go:269.9,271.3 1 0
github.com/chenemiken/goland/bookings/internal/handlers/handlers.go:279.71,295.2 8 0
